Build started 2019/4/24 17:55:24.
     1>Project "D:\project\cpp\hmm_forward\hmm_forward\hmm_forward.vcxproj" on node 2 (Build target(s)).
     1>ClCompile:
         D:\worksoftw\Microsoft Visual Studio 12.0\VC\bin\CL.exe /c /ZI /nologo /W3 /WX- /sdl /Od /Oy- /D WIN32 /D _DEBUG /D _CONSOLE /D _LIB /D _UNICODE /D UNICODE /Gm /EHsc /RTC1 /MDd /GS /fp:precise /Zc:wchar_t /Zc:forScope /Fo"Debug\\" /Fd"Debug\vc120.pdb" /Gd /TP /analyze- /errorReport:prompt main.cpp
         main.cpp
     1>d:\project\cpp\hmm_forward\hmm_forward\main.cpp(19): warning C4305: 'initializing' : truncation from 'double' to 'float'
     1>d:\project\cpp\hmm_forward\hmm_forward\main.cpp(35): warning C4305: 'initializing' : truncation from 'double' to 'float'
     1>d:\project\cpp\hmm_forward\hmm_forward\main.cpp(36): warning C4018: '<' : signed/unsigned mismatch
     1>d:\project\cpp\hmm_forward\hmm_forward\main.cpp(37): warning C4018: '<' : signed/unsigned mismatch
     1>d:\project\cpp\hmm_forward\hmm_forward\main.cpp(48): warning C4305: 'initializing' : truncation from 'double' to 'float'
     1>d:\project\cpp\hmm_forward\hmm_forward\main.cpp(49): warning C4018: '<' : signed/unsigned mismatch
     1>d:\project\cpp\hmm_forward\hmm_forward\main.cpp(50): warning C4018: '<' : signed/unsigned mismatch
     1>d:\project\cpp\hmm_forward\hmm_forward\main.cpp(67): warning C4018: '<' : signed/unsigned mismatch
     1>d:\project\cpp\hmm_forward\hmm_forward\main.cpp(72): warning C4018: '<' : signed/unsigned mismatch
     1>d:\project\cpp\hmm_forward\hmm_forward\main.cpp(80): warning C4018: '<' : signed/unsigned mismatch
     1>d:\project\cpp\hmm_forward\hmm_forward\main.cpp(81): warning C4018: '<' : signed/unsigned mismatch
     1>d:\project\cpp\hmm_forward\hmm_forward\main.cpp(93): warning C4018: '<' : signed/unsigned mismatch
     1>d:\project\cpp\hmm_forward\hmm_forward\main.cpp(108): warning C4018: '<' : signed/unsigned mismatch
     1>d:\project\cpp\hmm_forward\hmm_forward\main.cpp(120): warning C4018: '<' : signed/unsigned mismatch
     1>d:\project\cpp\hmm_forward\hmm_forward\main.cpp(124): warning C4018: '<' : signed/unsigned mismatch
     1>d:\project\cpp\hmm_forward\hmm_forward\main.cpp(133): warning C4018: '<' : signed/unsigned mismatch
     1>d:\project\cpp\hmm_forward\hmm_forward\main.cpp(140): warning C4018: '<' : signed/unsigned mismatch
     1>d:\project\cpp\hmm_forward\hmm_forward\main.cpp(147): warning C4018: '<' : signed/unsigned mismatch
     1>d:\project\cpp\hmm_forward\hmm_forward\main.cpp(162): warning C4018: '<' : signed/unsigned mismatch
     1>d:\project\cpp\hmm_forward\hmm_forward\main.cpp(185): warning C4018: '<' : signed/unsigned mismatch
       Link:
         D:\worksoftw\Microsoft Visual Studio 12.0\VC\bin\link.exe /ERRORREPORT:PROMPT /OUT:"D:\project\cpp\hmm_forward\Debug\hmm_forward.exe" /INCREMENTAL /NOLOGO kernel32.lib user32.lib gdi32.lib winspool.lib comdlg32.lib advapi32.lib shell32.lib ole32.lib oleaut32.lib uuid.lib odbc32.lib odbccp32.lib /MANIFEST /MANIFESTUAC:"level='asInvoker' uiAccess='false'" /manifest:embed /DEBUG /PDB:"D:\project\cpp\hmm_forward\Debug\hmm_forward.pdb" /SUBSYSTEM:CONSOLE /TLBID:1 /DYNAMICBASE /NXCOMPAT /IMPLIB:"D:\project\cpp\hmm_forward\Debug\hmm_forward.lib" /MACHINE:X86 Debug\basic.obj
         Debug\main.obj
         hmm_forward.vcxproj -> D:\project\cpp\hmm_forward\Debug\hmm_forward.exe
     1>Done Building Project "D:\project\cpp\hmm_forward\hmm_forward\hmm_forward.vcxproj" (Build target(s)).

Build succeeded.

Time Elapsed 00:00:00.88
